<?xml version="1.0" encoding="UTF-8"?>
<testsuite xmlns:xsi="http://www.w3.org/2001/XMLSchema-instance" xsi:noNamespaceSchemaLocation="https://maven.apache.org/surefire/maven-surefire-plugin/xsd/surefire-test-report-3.0.xsd" version="3.0" name="org.example.JavaEnterpriseIntensive.secondLesson.CalculatorTest" time="0.006" tests="3" errors="0" skipped="0" failures="0">
  <properties>
[...]
</properties>
  <testcase name="addition" classname="org.example.JavaEnterpriseIntensive.secondLesson.CalculatorTest" time="0.002"/>
  <testcase name="addition1" classname="org.example.JavaEnterpriseIntensive.secondLesson.CalculatorTest" time="0"/>
  <testcase name="addition2" classname="org.example.JavaEnterpriseIntensive.secondLesson.CalculatorTest" time="0.001"/>
</testsuite>